<?xml version="1.0" encoding="UTF-8"?>
<!-- Generated by org.testng.reporters.JUnitXMLReporter -->
<testsuite ignored="1" hostname="LAPTOP-VU3PB39N" failures="0" tests="11" name="Test" time="0.11" errors="0" timestamp="2024-09-01T14:12:17 IST">
  <testcase classname="test.Day4" name="Demo" time="0.012"/>
  <testcase classname="test.Day4" name="Demo1" time="0.002"/>
  <testcase classname="test.Day4" name="SignUp" time="0.001"/>
  <testcase classname="test.Day4" name="SignUp" time="0.001"/>
  <testcase classname="test.Day4" name="SignUp" time="0.001"/>
  <testcase classname="test.Day2" name="aftertest" time="0.002"/>
  <testcase classname="test.Day3" name="LoanSearch" time="0.002"/>
  <testcase classname="test.Day3" name="Login" time="0.002"/>
  <testcase classname="test.Day3" name="ServiceAdmin" time="0.001"/>
  <testcase classname="test.Day1" name="Demo" time="0.001"/>
  <testcase classname="test.Day1" name="Demo1" time="0.001"/>
  <testcase classname="test.Day3" name="BankRecon" time="0.0">
    <ignored/>
  </testcase> <!-- BankRecon -->
</testsuite> <!-- Test -->
