<?xml version="1.0" encoding="UTF-8"?>
<!-- Generated by org.testng.reporters.JUnitXMLReporter -->
<testsuite ignored="1" hostname="LAPTOP-VU3PB39N" failures="0" tests="2" name="Demo" time="0.065" errors="0" timestamp="2024-09-01T10:25:32 IST">
  <testcase classname="test.Day1" name="Demo1" time="0.01"/>
  <testcase classname="test.Day2" name="aftertest" time="0.002"/>
  <testcase classname="test.Day1" name="Demo" time="0.0">
    <ignored/>
  </testcase> <!-- Demo -->
</testsuite> <!-- Demo -->
