<?xml version="1.0" encoding="UTF-8"?>
<!-- Generated by org.testng.reporters.JUnitXMLReporter -->
<testsuite ignored="1" hostname="LAPTOP-VU3PB39N" failures="0" tests="3" name="ServicerAdmin" time="0.015" errors="0" timestamp="2024-09-01T10:25:33 IST">
  <testcase classname="test.Day3" name="BankRecon" time="0.002"/>
  <testcase classname="test.Day3" name="Login" time="0.002"/>
  <testcase classname="test.Day3" name="ServiceAdmin" time="0.002"/>
  <testcase classname="test.Day3" name="LoanSearch" time="0.0">
    <ignored/>
  </testcase> <!-- LoanSearch -->
</testsuite> <!-- ServicerAdmin -->
